# JRE version: OpenJDK Runtime Environment (7.0_75-b13) (build 1.7.0_75-b13)
# Java VM: OpenJDK 64-Bit Server VM (24.75-b04 mixed mode linux-amd64 compressed oops)
Heap
 PSYoungGen      total 634880K, used 8758K [0x00000007d6e80000, 0x0000000800000000, 0x0000000800000000)
  eden space 614912K, 0% used [0x00000007d6e80000,0x00000007d6e80000,0x00000007fc700000)
  from space 19968K, 43% used [0x00000007fc700000,0x00000007fcf8da20,0x00000007fda80000)
  to   space 30208K, 0% used [0x00000007fe280000,0x00000007fe280000,0x0000000800000000)
 ParOldGen       total 144896K, used 144389K [0x0000000784c00000, 0x000000078d980000, 0x00000007d6e80000)
  object space 144896K, 99% used [0x0000000784c00000,0x000000078d901430,0x000000078d980000)
 PSPermGen       total 21504K, used 3489K [0x000000077a600000, 0x000000077bb00000, 0x0000000784c00000)
  object space 21504K, 16% used [0x000000077a600000,0x000000077a968738,0x000000077bb00000)
GC Heap History (10 events):
Event: 16.184 GC heap after
Heap after GC invocations=14 (full 0):
 PSYoungGen      total 643072K, used 19520K [0x00000007d6e80000, 0x0000000800000000, 0x0000000800000000)
  eden space 622080K, 0% used [0x00000007d6e80000,0x00000007d6e80000,0x00000007fce00000)
  from space 20992K, 92% used [0x00000007feb80000,0x00000007ffe90000,0x0000000800000000)
  to   space 25600K, 0% used [0x00000007fce00000,0x00000007fce00000,0x00000007fe700000)
 ParOldGen       total 83968K, used 76092K [0x0000000784c00000, 0x0000000789e00000, 0x00000007d6e80000)
  object space 83968K, 90% used [0x0000000784c00000,0x000000078964f090,0x0000000789e00000)
 PSPermGen       total 21504K, used 3490K [0x000000077a600000, 0x000000077bb00000, 0x0000000784c00000)
  object space 21504K, 16% used [0x000000077a600000,0x000000077a968b20,0x000000077bb00000)
}
Event: 16.184 GC heap before
{Heap before GC invocations=15 (full 1):
 PSYoungGen      total 643072K, used 19520K [0x00000007d6e80000, 0x0000000800000000, 0x0000000800000000)
  eden space 622080K, 0% used [0x00000007d6e80000,0x00000007d6e80000,0x00000007fce00000)
  from space 20992K, 92% used [0x00000007feb80000,0x00000007ffe90000,0x0000000800000000)
  to   space 25600K, 0% used [0x00000007fce00000,0x00000007fce00000,0x00000007fe700000)
 ParOldGen       total 83968K, used 76092K [0x0000000784c00000, 0x0000000789e00000, 0x00000007d6e80000)
  object space 83968K, 90% used [0x0000000784c00000,0x000000078964f090,0x0000000789e00000)
 PSPermGen       total 21504K, used 3490K [0x000000077a600000, 0x000000077bb00000, 0x0000000784c00000)
  object space 21504K, 16% used [0x000000077a600000,0x000000077a968b20,0x000000077bb00000)
Event: 17.712 GC heap after
Heap after GC invocations=15 (full 1):
 PSYoungGen      total 643072K, used 10728K [0x00000007d6e80000, 0x0000000800000000, 0x0000000800000000)
  eden space 622080K, 0% used [0x00000007d6e80000,0x00000007d6e80000,0x00000007fce00000)
  from space 20992K, 51% used [0x00000007feb80000,0x00000007ff5fa318,0x0000000800000000)
  to   space 25600K, 0% used [0x00000007fce00000,0x00000007fce00000,0x00000007fe700000)
 ParOldGen       total 144896K, used 83819K [0x0000000784c00000, 0x000000078d980000, 0x00000007d6e80000)
  object space 144896K, 57% used [0x0000000784c00000,0x0000000789ddadc8,0x000000078d980000)
 PSPermGen       total 21504K, used 3489K [0x000000077a600000, 0x000000077bb00000, 0x0000000784c00000)
  object space 21504K, 16% used [0x000000077a600000,0x000000077a968718,0x000000077bb00000)
}
Event: 18.078 GC heap before
{Heap before GC invocations=16 (full 1):
 PSYoungGen      total 643072K, used 632808K [0x00000007d6e80000, 0x0000000800000000, 0x0000000800000000)
  eden space 622080K, 100% used [0x00000007d6e80000,0x00000007fce00000,0x00000007fce00000)
  from space 20992K, 51% used [0x00000007feb80000,0x00000007ff5fa318,0x0000000800000000)
  to   space 25600K, 0% used [0x00000007fce00000,0x00000007fce00000,0x00000007fe700000)
 ParOldGen       total 144896K, used 83819K [0x0000000784c00000, 0x000000078d980000, 0x00000007d6e80000)
  object space 144896K, 57% used [0x0000000784c00000,0x0000000789ddadc8,0x000000078d980000)
 PSPermGen       total 21504K, used 3489K [0x000000077a600000, 0x000000077bb00000, 0x0000000784c00000)
  object space 21504K, 16% used [0x000000077a600000,0x000000077a968718,0x000000077bb00000)
Event: 18.148 GC heap after
Heap after GC invocations=16 (full 1):
 PSYoungGen      total 642048K, used 19616K [0x00000007d6e80000, 0x0000000800000000, 0x0000000800000000)
  eden space 622080K, 0% used [0x00000007d6e80000,0x00000007d6e80000,0x00000007fce00000)
  from space 19968K, 98% used [0x00000007fce00000,0x00000007fe128010,0x00000007fe180000)
  to   space 27648K, 0% used [0x00000007fe500000,0x00000007fe500000,0x0000000800000000)
 ParOldGen       total 144896K, used 94659K [0x0000000784c00000, 0x000000078d980000, 0x00000007d6e80000)
  object space 144896K, 65% used [0x0000000784c00000,0x000000078a870dc8,0x000000078d980000)
 PSPermGen       total 21504K, used 3489K [0x000000077a600000, 0x000000077bb00000, 0x0000000784c00000)
  object space 21504K, 16% used [0x000000077a600000,0x000000077a968718,0x000000077bb00000)
}
Event: 18.545 GC heap before
{Heap before GC invocations=17 (full 1):
 PSYoungGen      total 642048K, used 641696K [0x00000007d6e80000, 0x0000000800000000, 0x0000000800000000)
  eden space 622080K, 100% used [0x00000007d6e80000,0x00000007fce00000,0x00000007fce00000)
  from space 19968K, 98% used [0x00000007fce00000,0x00000007fe128010,0x00000007fe180000)
  to   space 27648K, 0% used [0x00000007fe500000,0x00000007fe500000,0x0000000800000000)
 ParOldGen       total 144896K, used 94659K [0x0000000784c00000, 0x000000078d980000, 0x00000007d6e80000)
  object space 144896K, 65% used [0x0000000784c00000,0x000000078a870dc8,0x000000078d980000)
 PSPermGen       total 21504K, used 3489K [0x000000077a600000, 0x000000077bb00000, 0x0000000784c00000)
  object space 21504K, 16% used [0x000000077a600000,0x000000077a968738,0x000000077bb00000)
Event: 18.655 GC heap after
Heap after GC invocations=17 (full 1):
 PSYoungGen      total 642560K, used 20000K [0x00000007d6e80000, 0x0000000800000000, 0x0000000800000000)
  eden space 614912K, 0% used [0x00000007d6e80000,0x00000007d6e80000,0x00000007fc700000)
  from space 27648K, 72% used [0x00000007fe500000,0x00000007ff888000,0x0000000800000000)
  to   space 29184K, 0% used [0x00000007fc700000,0x00000007fc700000,0x00000007fe380000)
 ParOldGen       total 144896K, used 114363K [0x0000000784c00000, 0x000000078d980000, 0x00000007d6e80000)
  object space 144896K, 78% used [0x0000000784c00000,0x000000078bbaedd8,0x000000078d980000)
 PSPermGen       total 21504K, used 3489K [0x000000077a600000, 0x000000077bb00000, 0x0000000784c00000)
  object space 21504K, 16% used [0x000000077a600000,0x000000077a968738,0x000000077bb00000)
}
Event: 19.051 GC heap before
{Heap before GC invocations=18 (full 1):
 PSYoungGen      total 642560K, used 634912K [0x00000007d6e80000, 0x0000000800000000, 0x0000000800000000)
  eden space 614912K, 100% used [0x00000007d6e80000,0x00000007fc700000,0x00000007fc700000)
  from space 27648K, 72% used [0x00000007fe500000,0x00000007ff888000,0x0000000800000000)
  to   space 29184K, 0% used [0x00000007fc700000,0x00000007fc700000,0x00000007fe380000)
 ParOldGen       total 144896K, used 114363K [0x0000000784c00000, 0x000000078d980000, 0x00000007d6e80000)
  object space 144896K, 78% used [0x0000000784c00000,0x000000078bbaedd8,0x000000078d980000)
 PSPermGen       total 21504K, used 3489K [0x000000077a600000, 0x000000077bb00000, 0x0000000784c00000)
  object space 21504K, 16% used [0x000000077a600000,0x000000077a968738,0x000000077bb00000)
Event: 19.142 GC heap after
Heap after GC invocations=18 (full 1):
 PSYoungGen      total 634880K, used 19616K [0x00000007d6e80000, 0x0000000800000000, 0x0000000800000000)
  eden space 614912K, 0% used [0x00000007d6e80000,0x00000007d6e80000,0x00000007fc700000)
  from space 19968K, 98% used [0x00000007fc700000,0x00000007fda28000,0x00000007fda80000)
  to   space 30208K, 0% used [0x00000007fe280000,0x00000007fe280000,0x0000000800000000)
 ParOldGen       total 144896K, used 134435K [0x0000000784c00000, 0x000000078d980000, 0x00000007d6e80000)
  object space 144896K, 92% used [0x0000000784c00000,0x000000078cf48dd8,0x000000078d980000)
 PSPermGen       total 21504K, used 3489K [0x000000077a600000, 0x000000077bb00000, 0x0000000784c00000)
  object space 21504K, 16% used [0x000000077a600000,0x000000077a968738,0x000000077bb00000)
}
Event: 19.142 GC heap before
{Heap before GC invocations=19 (full 2):
 PSYoungGen      total 634880K, used 19616K [0x00000007d6e80000, 0x0000000800000000, 0x0000000800000000)
  eden space 614912K, 0% used [0x00000007d6e80000,0x00000007d6e80000,0x00000007fc700000)
  from space 19968K, 98% used [0x00000007fc700000,0x00000007fda28000,0x00000007fda80000)
  to   space 30208K, 0% used [0x00000007fe280000,0x00000007fe280000,0x0000000800000000)
 ParOldGen       total 144896K, used 134435K [0x0000000784c00000, 0x000000078d980000, 0x00000007d6e80000)
  object space 144896K, 92% used [0x0000000784c00000,0x000000078cf48dd8,0x000000078d980000)
 PSPermGen       total 21504K, used 3489K [0x000000077a600000, 0x000000077bb00000, 0x0000000784c00000)
  object space 21504K, 16% used [0x000000077a600000,0x000000077a968738,0x000000077bb00000)

