# JRE version: OpenJDK Runtime Environment (7.0_75-b13) (build 1.7.0_75-b13)
# Java VM: OpenJDK 64-Bit Server VM (24.75-b04 mixed mode linux-amd64 compressed oops)
Heap
 PSYoungGen      total 636928K, used 0K [0x00000007d6e80000, 0x0000000800000000, 0x0000000800000000)
  eden space 600576K, 0% used [0x00000007d6e80000,0x00000007d6e80000,0x00000007fb900000)
  from space 36352K, 0% used [0x00000007fb900000,0x00000007fb900000,0x00000007fdc80000)
  to   space 35840K, 0% used [0x00000007fdd00000,0x00000007fdd00000,0x0000000800000000)
 ParOldGen       total 153600K, used 152248K [0x0000000784c00000, 0x000000078e200000, 0x00000007d6e80000)
  object space 153600K, 99% used [0x0000000784c00000,0x000000078e0ae250,0x000000078e200000)
 PSPermGen       total 21504K, used 3489K [0x000000077a600000, 0x000000077bb00000, 0x0000000784c00000)
  object space 21504K, 16% used [0x000000077a600000,0x000000077a968410,0x000000077bb00000)
GC Heap History (10 events):
Event: 12.216 GC heap after
Heap after GC invocations=14 (full 0):
 PSYoungGen      total 643072K, used 19488K [0x00000007d6e80000, 0x0000000800000000, 0x0000000800000000)
  eden space 622080K, 0% used [0x00000007d6e80000,0x00000007d6e80000,0x00000007fce00000)
  from space 20992K, 92% used [0x00000007feb80000,0x00000007ffe88000,0x0000000800000000)
  to   space 25600K, 0% used [0x00000007fce00000,0x00000007fce00000,0x00000007fe700000)
 ParOldGen       total 83968K, used 75684K [0x0000000784c00000, 0x0000000789e00000, 0x00000007d6e80000)
  object space 83968K, 90% used [0x0000000784c00000,0x00000007895e9090,0x0000000789e00000)
 PSPermGen       total 21504K, used 3489K [0x000000077a600000, 0x000000077bb00000, 0x0000000784c00000)
  object space 21504K, 16% used [0x000000077a600000,0x000000077a9687f8,0x000000077bb00000)
}
Event: 12.216 GC heap before
{Heap before GC invocations=15 (full 1):
 PSYoungGen      total 643072K, used 19488K [0x00000007d6e80000, 0x0000000800000000, 0x0000000800000000)
  eden space 622080K, 0% used [0x00000007d6e80000,0x00000007d6e80000,0x00000007fce00000)
  from space 20992K, 92% used [0x00000007feb80000,0x00000007ffe88000,0x0000000800000000)
  to   space 25600K, 0% used [0x00000007fce00000,0x00000007fce00000,0x00000007fe700000)
 ParOldGen       total 83968K, used 75684K [0x0000000784c00000, 0x0000000789e00000, 0x00000007d6e80000)
  object space 83968K, 90% used [0x0000000784c00000,0x00000007895e9090,0x0000000789e00000)
 PSPermGen       total 21504K, used 3489K [0x000000077a600000, 0x000000077bb00000, 0x0000000784c00000)
  object space 21504K, 16% used [0x000000077a600000,0x000000077a9687f8,0x000000077bb00000)
Event: 15.606 GC heap after
Heap after GC invocations=15 (full 1):
 PSYoungGen      total 643072K, used 10223K [0x00000007d6e80000, 0x0000000800000000, 0x0000000800000000)
  eden space 622080K, 0% used [0x00000007d6e80000,0x00000007d6e80000,0x00000007fce00000)
  from space 20992K, 48% used [0x00000007feb80000,0x00000007ff57bc28,0x0000000800000000)
  to   space 25600K, 0% used [0x00000007fce00000,0x00000007fce00000,0x00000007fe700000)
 ParOldGen       total 153600K, used 83903K [0x0000000784c00000, 0x000000078e200000, 0x00000007d6e80000)
  object space 153600K, 54% used [0x0000000784c00000,0x0000000789defc68,0x000000078e200000)
 PSPermGen       total 21504K, used 3488K [0x000000077a600000, 0x000000077bb00000, 0x0000000784c00000)
  object space 21504K, 16% used [0x000000077a600000,0x000000077a9683f0,0x000000077bb00000)
}
Event: 16.315 GC heap before
{Heap before GC invocations=16 (full 1):
 PSYoungGen      total 643072K, used 632303K [0x00000007d6e80000, 0x0000000800000000, 0x0000000800000000)
  eden space 622080K, 100% used [0x00000007d6e80000,0x00000007fce00000,0x00000007fce00000)
  from space 20992K, 48% used [0x00000007feb80000,0x00000007ff57bc28,0x0000000800000000)
  to   space 25600K, 0% used [0x00000007fce00000,0x00000007fce00000,0x00000007fe700000)
 ParOldGen       total 153600K, used 83903K [0x0000000784c00000, 0x000000078e200000, 0x00000007d6e80000)
  object space 153600K, 54% used [0x0000000784c00000,0x0000000789defc68,0x000000078e200000)
 PSPermGen       total 21504K, used 3488K [0x000000077a600000, 0x000000077bb00000, 0x0000000784c00000)
  object space 21504K, 16% used [0x000000077a600000,0x000000077a9683f0,0x000000077bb00000)
Event: 16.431 GC heap after
Heap after GC invocations=16 (full 1):
 PSYoungGen      total 642048K, used 19616K [0x00000007d6e80000, 0x0000000800000000, 0x0000000800000000)
  eden space 622080K, 0% used [0x00000007d6e80000,0x00000007d6e80000,0x00000007fce00000)
  from space 19968K, 98% used [0x00000007fce00000,0x00000007fe128010,0x00000007fe180000)
  to   space 27648K, 0% used [0x00000007fe500000,0x00000007fe500000,0x0000000800000000)
 ParOldGen       total 153600K, used 94223K [0x0000000784c00000, 0x000000078e200000, 0x00000007d6e80000)
  object space 153600K, 61% used [0x0000000784c00000,0x000000078a803c68,0x000000078e200000)
 PSPermGen       total 21504K, used 3488K [0x000000077a600000, 0x000000077bb00000, 0x0000000784c00000)
  object space 21504K, 16% used [0x000000077a600000,0x000000077a9683f0,0x000000077bb00000)
}
Event: 17.055 GC heap before
{Heap before GC invocations=17 (full 1):
 PSYoungGen      total 642048K, used 641696K [0x00000007d6e80000, 0x0000000800000000, 0x0000000800000000)
  eden space 622080K, 100% used [0x00000007d6e80000,0x00000007fce00000,0x00000007fce00000)
  from space 19968K, 98% used [0x00000007fce00000,0x00000007fe128010,0x00000007fe180000)
  to   space 27648K, 0% used [0x00000007fe500000,0x00000007fe500000,0x0000000800000000)
 ParOldGen       total 153600K, used 94223K [0x0000000784c00000, 0x000000078e200000, 0x00000007d6e80000)
  object space 153600K, 61% used [0x0000000784c00000,0x000000078a803c68,0x000000078e200000)
 PSPermGen       total 21504K, used 3489K [0x000000077a600000, 0x000000077bb00000, 0x0000000784c00000)
  object space 21504K, 16% used [0x000000077a600000,0x000000077a968410,0x000000077bb00000)
Event: 17.172 GC heap after
Heap after GC invocations=17 (full 1):
 PSYoungGen      total 628224K, used 27616K [0x00000007d6e80000, 0x0000000800000000, 0x0000000800000000)
  eden space 600576K, 0% used [0x00000007d6e80000,0x00000007d6e80000,0x00000007fb900000)
  from space 27648K, 99% used [0x00000007fe500000,0x00000007ffff8010,0x0000000800000000)
  to   space 36352K, 0% used [0x00000007fb900000,0x00000007fb900000,0x00000007fdc80000)
 ParOldGen       total 153600K, used 106143K [0x0000000784c00000, 0x000000078e200000, 0x00000007d6e80000)
  object space 153600K, 69% used [0x0000000784c00000,0x000000078b3a7c68,0x000000078e200000)
 PSPermGen       total 21504K, used 3489K [0x000000077a600000, 0x000000077bb00000, 0x0000000784c00000)
  object space 21504K, 16% used [0x000000077a600000,0x000000077a968410,0x000000077bb00000)
}
Event: 17.907 GC heap before
{Heap before GC invocations=18 (full 1):
 PSYoungGen      total 628224K, used 628192K [0x00000007d6e80000, 0x0000000800000000, 0x0000000800000000)
  eden space 600576K, 100% used [0x00000007d6e80000,0x00000007fb900000,0x00000007fb900000)
  from space 27648K, 99% used [0x00000007fe500000,0x00000007ffff8010,0x0000000800000000)
  to   space 36352K, 0% used [0x00000007fb900000,0x00000007fb900000,0x00000007fdc80000)
 ParOldGen       total 153600K, used 106143K [0x0000000784c00000, 0x000000078e200000, 0x00000007d6e80000)
  object space 153600K, 69% used [0x0000000784c00000,0x000000078b3a7c68,0x000000078e200000)
 PSPermGen       total 21504K, used 3489K [0x000000077a600000, 0x000000077bb00000, 0x0000000784c00000)
  object space 21504K, 16% used [0x000000077a600000,0x000000077a968410,0x000000077bb00000)
Event: 18.060 GC heap after
Heap after GC invocations=18 (full 1):
 PSYoungGen      total 636928K, used 19136K [0x00000007d6e80000, 0x0000000800000000, 0x0000000800000000)
  eden space 600576K, 0% used [0x00000007d6e80000,0x00000007d6e80000,0x00000007fb900000)
  from space 36352K, 52% used [0x00000007fb900000,0x00000007fcbb0000,0x00000007fdc80000)
  to   space 35840K, 0% used [0x00000007fdd00000,0x00000007fdd00000,0x0000000800000000)
 ParOldGen       total 153600K, used 133975K [0x0000000784c00000, 0x000000078e200000, 0x00000007d6e80000)
  object space 153600K, 87% used [0x0000000784c00000,0x000000078ced5c78,0x000000078e200000)
 PSPermGen       total 21504K, used 3489K [0x000000077a600000, 0x000000077bb00000, 0x0000000784c00000)
  object space 21504K, 16% used [0x000000077a600000,0x000000077a968410,0x000000077bb00000)
}
Event: 18.060 GC heap before
{Heap before GC invocations=19 (full 2):
 PSYoungGen      total 636928K, used 19136K [0x00000007d6e80000, 0x0000000800000000, 0x0000000800000000)
  eden space 600576K, 0% used [0x00000007d6e80000,0x00000007d6e80000,0x00000007fb900000)
  from space 36352K, 52% used [0x00000007fb900000,0x00000007fcbb0000,0x00000007fdc80000)
  to   space 35840K, 0% used [0x00000007fdd00000,0x00000007fdd00000,0x0000000800000000)
 ParOldGen       total 153600K, used 133975K [0x0000000784c00000, 0x000000078e200000, 0x00000007d6e80000)
  object space 153600K, 87% used [0x0000000784c00000,0x000000078ced5c78,0x000000078e200000)
 PSPermGen       total 21504K, used 3489K [0x000000077a600000, 0x000000077bb00000, 0x0000000784c00000)
  object space 21504K, 16% used [0x000000077a600000,0x000000077a968410,0x000000077bb00000)

